iMPACT Version: 10.1.03

iMPACT log file Started on Tue Dec  9 18:09:21 2014

// *** BATCH CMD : loadProjectFile -file"/afs/athena.mit.edu/user/m/i/miren/Desktop/6.111/finalproject/tracking_dmx/tracking_dmx.ipf"
Reusing A0010001 key.
Reusing 24010001 key.
 Cable is LOCKED. Retrying...
 The cable is being used by another application.
 Please try opening the cable connection at a later time.
INFO:iMPACT:1777 - 
   Reading   /afs/csail.mit.edu/proj/redsocs/Xilinx10.1/ISE/acecf/data/xccace.bsd...
INFO:iMPACT:501 - '1': Added Device xccace successfully.
----------------------------------------------------------------------
----------------------------------------------------------------------
'2': Loading file '/afs/athena.mit.edu/user/m/i/miren/Desktop/6.111/finalproject/tracking_dmx/labkit.bit' ...
done.
INFO:iMPACT:1777 - 
   Reading   /afs/csail.mit.edu/proj/redsocs/Xilinx10.1/ISE/virtex2/data/xc2v6000.bsd...
INFO:iMPACT:2257 - Startup Clock has been changed to 'JtagClk' in the bitstream   stored in memory,
   but the original bitstream file remains unchanged.
INFO:iMPACT:501 - '2': Added Device xc2v6000 successfully.
----------------------------------------------------------------------
----------------------------------------------------------------------
INFO:iMPACT:1777 - 
   Reading   /afs/csail.mit.edu/proj/redsocs/Xilinx10.1/ISE/xcfp/data/xcf32p.bsd...
INFO:iMPACT:501 - '3': Added Device xcf32p successfully.
----------------------------------------------------------------------
----------------------------------------------------------------------
INFO:iMPACT:1835 - Loading CFI file -- File ? --.cfi
CFI file not found, proceed with device default setting.
Active mode is BS
// *** BATCH CMD : setMode -ss
// *** BATCH CMD : setMode -sm
// *** BATCH CMD : setMode -hw140
// *** BATCH CMD : setMode -spi
// *** BATCH CMD : setMode -acecf
// *** BATCH CMD : setMode -acempm
// *** BATCH CMD : setMode -pff
// *** BATCH CMD : setMode -bs
// *** BATCH CMD : setMode -bs
// *** BATCH CMD : setMode -bs
// *** BATCH CMD : setMode -bs
GUI --- Auto connect to cable...
// *** BATCH CMD : setCable -port auto
AutoDetecting cable. Please wait.
PROGRESS_START - Starting Operation.
Reusing 78010001 key.
Reusing FC010001 key.
Connecting to cable (Parallel Port - parport0).
 Linux release = 3.2.0-72-generic.
WARNING:iMPACT -  Module windrvr6 is not loaded. Please reinstall the cable   drivers. See Answer Record 22648.
Cable connection failed.
Reusing 79010001 key.
Reusing FD010001 key.
Connecting to cable (Parallel Port - parport1).
 Linux release = 3.2.0-72-generic.
WARNING:iMPACT -  Module windrvr6 is not loaded. Please reinstall the cable   drivers. See Answer Record 22648.
Cable connection failed.
Reusing 7A010001 key.
Reusing FE010001 key.
Connecting to cable (Parallel Port - parport2).
 Linux release = 3.2.0-72-generic.
WARNING:iMPACT -  Module windrvr6 is not loaded. Please reinstall the cable   drivers. See Answer Record 22648.
Cable connection failed.
Reusing 7B010001 key.
Reusing FF010001 key.
Connecting to cable (Parallel Port - parport3).
 Linux release = 3.2.0-72-generic.
WARNING:iMPACT -  Module windrvr6 is not loaded. Please reinstall the cable   drivers. See Answer Record 22648.
Cable connection failed.
Reusing A0010001 key.
Reusing 24010001 key.
 Cable is LOCKED. Retrying...
 The cable is being used by another application.
 Please try opening the cable connection at a later time.
Reusing A1010001 key.
Reusing 25010001 key.
 Using libusb.
Connecting to cable (Usb Port - USB22).
Checking cable driver.
File version of/afs/csail.mit.edu/proj/redsocs/Xilinx10.1/ISE/bin/lin64/xusbdfwu.hex = 1030.
File version of /usr/share/xusbdfwu.hex = 1030.
 Using libusb.
Cable connection failed.
Reusing A2010001 key.
Reusing 26010001 key.
 Using libusb.
Connecting to cable (Usb Port - USB23).
Checking cable driver.
File version of/afs/csail.mit.edu/proj/redsocs/Xilinx10.1/ISE/bin/lin64/xusbdfwu.hex = 1030.
File version of /usr/share/xusbdfwu.hex = 1030.
 Using libusb.
Cable connection failed.
Reusing A3010001 key.
Reusing 27010001 key.
 Using libusb.
Connecting to cable (Usb Port - USB24).
Checking cable driver.
File version of/afs/csail.mit.edu/proj/redsocs/Xilinx10.1/ISE/bin/lin64/xusbdfwu.hex = 1030.
File version of /usr/share/xusbdfwu.hex = 1030.
 Using libusb.
Cable connection failed.
PROGRESS_END - End Operation.
Elapsed time =     11 sec.
Cable autodetection failed.
WARNING:iMPACT:923 - Can not find cable, check cable setup !GUI --- Auto connect to cable...
// *** BATCH CMD : setCable -port auto
AutoDetecting cable. Please wait.
PROGRESS_START - Starting Operation.
Reusing 78010001 key.
Reusing FC010001 key.
Connecting to cable (Parallel Port - parport0).
 Linux release = 3.2.0-72-generic.
WARNING:iMPACT -  Module windrvr6 is not loaded. Please reinstall the cable   drivers. See Answer Record 22648.
Cable connection failed.
Reusing 79010001 key.
Reusing FD010001 key.
Connecting to cable (Parallel Port - parport1).
 Linux release = 3.2.0-72-generic.
WARNING:iMPACT -  Module windrvr6 is not loaded. Please reinstall the cable   drivers. See Answer Record 22648.
Cable connection failed.
Reusing 7A010001 key.
Reusing FE010001 key.
Connecting to cable (Parallel Port - parport2).
 Linux release = 3.2.0-72-generic.
WARNING:iMPACT -  Module windrvr6 is not loaded. Please reinstall the cable   drivers. See Answer Record 22648.
Cable connection failed.
Reusing 7B010001 key.
Reusing FF010001 key.
Connecting to cable (Parallel Port - parport3).
 Linux release = 3.2.0-72-generic.
WARNING:iMPACT -  Module windrvr6 is not loaded. Please reinstall the cable   drivers. See Answer Record 22648.
Cable connection failed.
Reusing A0010001 key.
Reusing 24010001 key.
 Cable is LOCKED. Retrying...
 The cable is being used by another application.
 Please try opening the cable connection at a later time.
Reusing A1010001 key.
Reusing 25010001 key.
 Using libusb.
Connecting to cable (Usb Port - USB22).
Checking cable driver.
File version of/afs/csail.mit.edu/proj/redsocs/Xilinx10.1/ISE/bin/lin64/xusbdfwu.hex = 1030.
File version of /usr/share/xusbdfwu.hex = 1030.
 Using libusb.
Cable connection failed.
Reusing A2010001 key.
Reusing 26010001 key.
 Using libusb.
Connecting to cable (Usb Port - USB23).
Checking cable driver.
File version of/afs/csail.mit.edu/proj/redsocs/Xilinx10.1/ISE/bin/lin64/xusbdfwu.hex = 1030.
File version of /usr/share/xusbdfwu.hex = 1030.
 Using libusb.
Cable connection failed.
Reusing A3010001 key.
Reusing 27010001 key.
 Using libusb.
Connecting to cable (Usb Port - USB24).
Checking cable driver.
File version of/afs/csail.mit.edu/proj/redsocs/Xilinx10.1/ISE/bin/lin64/xusbdfwu.hex = 1030.
File version of /usr/share/xusbdfwu.hex = 1030.
 Using libusb.
Cable connection failed.
PROGRESS_END - End Operation.
Elapsed time =     11 sec.
Cable autodetection failed.
WARNING:iMPACT:923 - Can not find cable, check cable setup !// *** BATCH CMD : setMode -bs
// *** BATCH CMD : deleteDevice -position 1
----------------------------------------------------------------------
// *** BATCH CMD : deleteDevice -position 1
----------------------------------------------------------------------
// *** BATCH CMD : deleteDevice -position 1
// *** BATCH CMD : setMode -ss
// *** BATCH CMD : setMode -sm
// *** BATCH CMD : setMode -hw140
// *** BATCH CMD : setMode -spi
// *** BATCH CMD : setMode -acecf
// *** BATCH CMD : setMode -acempm
// *** BATCH CMD : setMode -pff
// *** BATCH CMD : setMode -bs
